2020-07-08 19:00:52.809  INFO 24983 --- [restartedMain] c.d.shoppingweb.ShoppingwebApplication   : Starting ShoppingwebApplication on louyilindeMBP.fios-router.home with PID 24983 (/Users/louyilin/IdeaProjects/shoppingweb/target/classes started by louyilin in /Users/louyilin/IdeaProjects/shoppingweb)
2020-07-08 19:00:52.818  INFO 24983 --- [restartedMain] c.d.shoppingweb.ShoppingwebApplication   : No active profile set, falling back to default profiles: default
2020-07-08 19:00:52.869  INFO 24983 --- [restartedMain] .e.DevToolsPropertyDefaultsPostProcessor : Devtools property defaults active! Set 'spring.devtools.add-properties' to 'false' to disable
2020-07-08 19:00:52.869  INFO 24983 --- [restartedMain] .e.DevToolsPropertyDefaultsPostProcessor : For additional web related logging consider setting the 'logging.level.web' property to 'DEBUG'
2020-07-08 19:00:53.576  INFO 24983 --- [restartedMain] .s.d.r.c.RepositoryConfigurationDelegate : Bootstrapping Spring Data JPA repositories in DEFERRED mode.
2020-07-08 19:00:53.639  INFO 24983 --- [restartedMain] .s.d.r.c.RepositoryConfigurationDelegate : Finished Spring Data repository scanning in 53ms. Found 1 JPA repository interfaces.
2020-07-08 19:00:54.219  INFO 24983 --- [restartedMain] o.s.b.w.embedded.tomcat.TomcatWebServer  : Tomcat initialized with port(s): 8080 (http)
2020-07-08 19:00:54.229  INFO 24983 --- [restartedMain] o.apache.catalina.core.StandardService   : Starting service [Tomcat]
2020-07-08 19:00:54.229  INFO 24983 --- [restartedMain] org.apache.catalina.core.StandardEngine  : Starting Servlet engine: [Apache Tomcat/9.0.35]
2020-07-08 19:00:54.305  INFO 24983 --- [restartedMain] o.a.c.c.C.[Tomcat].[localhost].[/]       : Initializing Spring embedded WebApplicationContext
2020-07-08 19:00:54.305  INFO 24983 --- [restartedMain] o.s.web.context.ContextLoader            : Root WebApplicationContext: initialization completed in 1435 ms
2020-07-08 19:00:54.456  INFO 24983 --- [restartedMain] o.s.s.concurrent.ThreadPoolTaskExecutor  : Initializing ExecutorService 'applicationTaskExecutor'
2020-07-08 19:00:54.499  INFO 24983 --- [task-1] o.hibernate.jpa.internal.util.LogHelper  : HHH000204: Processing PersistenceUnitInfo [name: default]
2020-07-08 19:00:54.529  WARN 24983 --- [restartedMain] JpaBaseConfiguration$JpaWebConfiguration : spring.jpa.open-in-view is enabled by default. Therefore, database queries may be performed during view rendering. Explicitly configure spring.jpa.open-in-view to disable this warning
2020-07-08 19:00:54.554  INFO 24983 --- [task-1] org.hibernate.Version                    : HHH000412: Hibernate ORM core version 5.4.15.Final
2020-07-08 19:00:54.682  INFO 24983 --- [task-1] o.hibernate.annotations.common.Version   : HCANN000001: Hibernate Commons Annotations {5.1.0.Final}
2020-07-08 19:00:54.821  INFO 24983 --- [task-1] com.zaxxer.hikari.HikariDataSource       : HikariPool-1 - Starting...
2020-07-08 19:00:55.107  INFO 24983 --- [task-1] com.zaxxer.hikari.HikariDataSource       : HikariPool-1 - Start completed.
2020-07-08 19:00:55.125  INFO 24983 --- [task-1] org.hibernate.dialect.Dialect            : HHH000400: Using dialect: org.hibernate.dialect.MySQL8Dialect
2020-07-08 19:00:55.663  INFO 24983 --- [task-1] o.h.e.t.j.p.i.JtaPlatformInitiator       : HHH000490: Using JtaPlatform implementation: [org.hibernate.engine.transaction.jta.platform.internal.NoJtaPlatform]
2020-07-08 19:00:55.669  INFO 24983 --- [task-1] j.LocalContainerEntityManagerFactoryBean : Initialized JPA EntityManagerFactory for persistence unit 'default'
2020-07-08 19:00:55.971  INFO 24983 --- [task-2] o.s.b.d.a.OptionalLiveReloadServer       : LiveReload server is running on port 35729
2020-07-08 19:00:55.975  INFO 24983 --- [restartedMain] o.s.b.a.w.s.WelcomePageHandlerMapping    : Adding welcome page template: index
2020-07-08 19:00:56.153  INFO 24983 --- [restartedMain] o.s.b.w.embedded.tomcat.TomcatWebServer  : Tomcat started on port(s): 8080 (http) with context path ''
2020-07-08 19:00:56.155  INFO 24983 --- [restartedMain] DeferredRepositoryInitializationListener : Triggering deferred initialization of Spring Data repositories…
2020-07-08 19:00:56.286  INFO 24983 --- [restartedMain] DeferredRepositoryInitializationListener : Spring Data repositories initialized!
2020-07-08 19:00:56.296  INFO 24983 --- [restartedMain] c.d.shoppingweb.ShoppingwebApplication   : Started ShoppingwebApplication in 3.902 seconds (JVM running for 4.824)
2020-07-08 19:09:49.431  INFO 24983 --- [SpringContextShutdownHook] j.LocalContainerEntityManagerFactoryBean : Closing JPA EntityManagerFactory for persistence unit 'default'
2020-07-08 19:09:49.432  INFO 24983 --- [SpringContextShutdownHook] o.s.s.concurrent.ThreadPoolTaskExecutor  : Shutting down ExecutorService 'applicationTaskExecutor'
2020-07-08 19:09:49.434  INFO 24983 --- [SpringContextShutdownHook] com.zaxxer.hikari.HikariDataSource       : HikariPool-1 - Shutdown initiated...
2020-07-08 19:09:49.437  INFO 24983 --- [SpringContextShutdownHook] com.zaxxer.hikari.HikariDataSource       : HikariPool-1 - Shutdown completed.
2020-07-08 19:09:52.326  INFO 25094 --- [restartedMain] c.d.shoppingweb.ShoppingwebApplication   : Starting ShoppingwebApplication on louyilindeMBP.fios-router.home with PID 25094 (/Users/louyilin/IdeaProjects/shoppingweb/target/classes started by louyilin in /Users/louyilin/IdeaProjects/shoppingweb)
2020-07-08 19:09:52.329  INFO 25094 --- [restartedMain] c.d.shoppingweb.ShoppingwebApplication   : No active profile set, falling back to default profiles: default
2020-07-08 19:09:52.379  INFO 25094 --- [restartedMain] .e.DevToolsPropertyDefaultsPostProcessor : Devtools property defaults active! Set 'spring.devtools.add-properties' to 'false' to disable
2020-07-08 19:09:52.380  INFO 25094 --- [restartedMain] .e.DevToolsPropertyDefaultsPostProcessor : For additional web related logging consider setting the 'logging.level.web' property to 'DEBUG'
2020-07-08 19:09:53.172  INFO 25094 --- [restartedMain] .s.d.r.c.RepositoryConfigurationDelegate : Bootstrapping Spring Data JPA repositories in DEFERRED mode.
2020-07-08 19:09:53.234  INFO 25094 --- [restartedMain] .s.d.r.c.RepositoryConfigurationDelegate : Finished Spring Data repository scanning in 53ms. Found 1 JPA repository interfaces.
2020-07-08 19:09:53.822  INFO 25094 --- [restartedMain] o.s.b.w.embedded.tomcat.TomcatWebServer  : Tomcat initialized with port(s): 8080 (http)
2020-07-08 19:09:53.831  INFO 25094 --- [restartedMain] o.apache.catalina.core.StandardService   : Starting service [Tomcat]
2020-07-08 19:09:53.831  INFO 25094 --- [restartedMain] org.apache.catalina.core.StandardEngine  : Starting Servlet engine: [Apache Tomcat/9.0.35]
2020-07-08 19:09:53.906  INFO 25094 --- [restartedMain] o.a.c.c.C.[Tomcat].[localhost].[/]       : Initializing Spring embedded WebApplicationContext
2020-07-08 19:09:53.907  INFO 25094 --- [restartedMain] o.s.web.context.ContextLoader            : Root WebApplicationContext: initialization completed in 1527 ms
2020-07-08 19:09:54.040  INFO 25094 --- [restartedMain] o.s.s.concurrent.ThreadPoolTaskExecutor  : Initializing ExecutorService 'applicationTaskExecutor'
2020-07-08 19:09:54.071  INFO 25094 --- [task-1] o.hibernate.jpa.internal.util.LogHelper  : HHH000204: Processing PersistenceUnitInfo [name: default]
2020-07-08 19:09:54.093  WARN 25094 --- [restartedMain] JpaBaseConfiguration$JpaWebConfiguration : spring.jpa.open-in-view is enabled by default. Therefore, database queries may be performed during view rendering. Explicitly configure spring.jpa.open-in-view to disable this warning
2020-07-08 19:09:54.106  INFO 25094 --- [task-1] org.hibernate.Version                    : HHH000412: Hibernate ORM core version 5.4.15.Final
2020-07-08 19:09:54.196  INFO 25094 --- [task-1] o.hibernate.annotations.common.Version   : HCANN000001: Hibernate Commons Annotations {5.1.0.Final}
2020-07-08 19:09:54.315  INFO 25094 --- [task-1] com.zaxxer.hikari.HikariDataSource       : HikariPool-1 - Starting...
2020-07-08 19:09:54.547  INFO 25094 --- [task-1] com.zaxxer.hikari.HikariDataSource       : HikariPool-1 - Start completed.
2020-07-08 19:09:54.561  INFO 25094 --- [task-1] org.hibernate.dialect.Dialect            : HHH000400: Using dialect: org.hibernate.dialect.MySQL8Dialect
2020-07-08 19:09:54.986  INFO 25094 --- [task-1] o.h.e.t.j.p.i.JtaPlatformInitiator       : HHH000490: Using JtaPlatform implementation: [org.hibernate.engine.transaction.jta.platform.internal.NoJtaPlatform]
2020-07-08 19:09:54.992  INFO 25094 --- [task-1] j.LocalContainerEntityManagerFactoryBean : Initialized JPA EntityManagerFactory for persistence unit 'default'
2020-07-08 19:09:55.225  INFO 25094 --- [task-2] o.s.b.d.a.OptionalLiveReloadServer       : LiveReload server is running on port 35729
2020-07-08 19:09:55.251  INFO 25094 --- [restartedMain] o.s.b.a.w.s.WelcomePageHandlerMapping    : Adding welcome page template: index
2020-07-08 19:09:55.424  INFO 25094 --- [restartedMain] o.s.b.w.embedded.tomcat.TomcatWebServer  : Tomcat started on port(s): 8080 (http) with context path ''
2020-07-08 19:09:55.425  INFO 25094 --- [restartedMain] DeferredRepositoryInitializationListener : Triggering deferred initialization of Spring Data repositories…
2020-07-08 19:09:55.515  INFO 25094 --- [restartedMain] DeferredRepositoryInitializationListener : Spring Data repositories initialized!
2020-07-08 19:09:55.523  INFO 25094 --- [restartedMain] c.d.shoppingweb.ShoppingwebApplication   : Started ShoppingwebApplication in 3.637 seconds (JVM running for 4.224)
